<?xml version="1.0" encoding="UTF-8"?>
<!-- Generated by org.testng.reporters.JUnitReportReporter -->
<testsuite hostname="ATMECSINLT-038" failures="0" tests="2" name="com.atmecs.testScripts.Book_OneWay_Ticket" time="22.255" errors="0" timestamp="03 Sep 2019 10:13:11 GMT" skipped="0">
  <testcase classname="com.atmecs.testScripts.Book_OneWay_Ticket" name="homePage" time="10.756"/>
  <testcase classname="com.atmecs.testScripts.Book_OneWay_Ticket" name="selectFlightAndReview" time="11.499"/>
</testsuite> <!-- com.atmecs.testScripts.Book_OneWay_Ticket -->
